Log file open, 12/02/16 12:31:27
LogInit:Display: Running engine for game: FPSTowerDefenseToolkit
LogPlatformFile: Not using cached read wrapper
LogInit:Display: RandInit(-368328716) SRandInit(-368328716).
LogTaskGraph: Started task graph with 5 named threads and 8 total threads with 1 sets of task threads.
LogStats: Stats thread started at 0.066990
LogPluginManager: Loaded Plugin Paper2D, From C:/Unreal Engine/Epic Games/4.13/Engine/Plugins/2D/Paper2D/Paper2D.uplugin
LogPluginManager: Loaded Plugin LightPropagationVolume, From C:/Unreal Engine/Epic Games/4.13/Engine/Plugins/Blendables/LightPropagationVolume/LightPropagationVolume.uplugin
LogPluginManager: Loaded Plugin BlankPlugin, From C:/Unreal Engine/Epic Games/4.13/Engine/Plugins/Developer/BlankPlugin/BlankPlugin.uplugin
LogPluginManager: Loaded Plugin CodeLiteSourceCodeAccess, From C:/Unreal Engine/Epic Games/4.13/Engine/Plugins/Developer/CodeLiteSourceCodeAccess/CodeLiteSourceCodeAccess.uplugin
LogPluginManager: Loaded Plugin GitSourceControl, From C:/Unreal Engine/Epic Games/4.13/Engine/Plugins/Developer/GitSourceControl/GitSourceControl.uplugin
LogPluginManager: Loaded Plugin KDevelopSourceCodeAccess, From C:/Unreal Engine/Epic Games/4.13/Engine/Plugins/Developer/KDevelopSourceCodeAccess/KDevelopSourceCodeAccess.uplugin
LogPluginManager: Loaded Plugin NullSourceCodeAccess, From C:/Unreal Engine/Epic Games/4.13/Engine/Plugins/Developer/NullSourceCodeAccess/NullSourceCodeAccess.uplugin
LogPluginManager: Loaded Plugin OneSkyLocalizationService, From C:/Unreal Engine/Epic Games/4.13/Engine/Plugins/Developer/OneSkyLocalizationService/OneSkyLocalizationService.uplugin
LogPluginManager: Loaded Plugin PerforceSourceControl, From C:/Unreal Engine/Epic Games/4.13/Engine/Plugins/Developer/PerforceSourceControl/PerforceSourceControl.uplugin
LogPluginManager: Loaded Plugin SubversionSourceControl, From C:/Unreal Engine/Epic Games/4.13/Engine/Plugins/Developer/SubversionSourceControl/SubversionSourceControl.uplugin
LogPluginManager: Loaded Plugin UObjectPlugin, From C:/Unreal Engine/Epic Games/4.13/Engine/Plugins/Developer/UObjectPlugin/UObjectPlugin.uplugin
LogPluginManager: Loaded Plugin VisualStudioSourceCodeAccess, From C:/Unreal Engine/Epic Games/4.13/Engine/Plugins/Developer/VisualStudioSourceCodeAccess/VisualStudioSourceCodeAccess.uplugin
LogPluginManager: Loaded Plugin XCodeSourceCodeAccess, From C:/Unreal Engine/Epic Games/4.13/Engine/Plugins/Developer/XCodeSourceCodeAccess/XCodeSourceCodeAccess.uplugin
LogPluginManager: Loaded Plugin EpicSurvey, From C:/Unreal Engine/Epic Games/4.13/Engine/Plugins/Editor/EpicSurvey/EpicSurvey.uplugin
LogPluginManager: Loaded Plugin MacGraphicsSwitching, From C:/Unreal Engine/Epic Games/4.13/Engine/Plugins/Editor/MacGraphicsSwitching/MacGraphicsSwitching.uplugin
LogPluginManager: Loaded Plugin MobileLauncherProfileWizard, From C:/Unreal Engine/Epic Games/4.13/Engine/Plugins/Editor/MobileLauncherProfileWizard/MobileLauncherProfileWizard.uplugin
LogPluginManager: Loaded Plugin PluginBrowser, From C:/Unreal Engine/Epic Games/4.13/Engine/Plugins/Editor/PluginBrowser/PluginBrowser.uplugin
LogPluginManager: Loaded Plugin SpeedTreeImporter, From C:/Unreal Engine/Epic Games/4.13/Engine/Plugins/Editor/SpeedTreeImporter/SpeedTreeImporter.uplugin
LogPluginManager: Loaded Plugin SuperSearchEditor, From C:/Unreal Engine/Epic Games/4.13/Engine/Plugins/Editor/SuperSearchEditor/SuperSearchEditor.uplugin
LogPluginManager: Loaded Plugin AlembicImporter, From C:/Unreal Engine/Epic Games/4.13/Engine/Plugins/Experimental/AlembicImporter/AlembicImporter.uplugin
LogPluginManager: Loaded Plugin BlueprintStats, From C:/Unreal Engine/Epic Games/4.13/Engine/Plugins/Experimental/BlueprintStats/BlueprintStats.uplugin
LogPluginManager: Loaded Plugin CharacterAI, From C:/Unreal Engine/Epic Games/4.13/Engine/Plugins/Experimental/CharacterAI/CharacterAI.uplugin
LogPluginManager: Loaded Plugin CodeEditor, From C:/Unreal Engine/Epic Games/4.13/Engine/Plugins/Experimental/CodeEditor/CodeEditor.uplugin
LogPluginManager: Loaded Plugin CodeView, From C:/Unreal Engine/Epic Games/4.13/Engine/Plugins/Experimental/CodeView/CodeView.uplugin
LogPluginManager: Loaded Plugin HTML5Networking, From C:/Unreal Engine/Epic Games/4.13/Engine/Plugins/Experimental/HTML5Networking/HTML5Networking.uplugin
LogPluginManager: Loaded Plugin LiveEditor, From C:/Unreal Engine/Epic Games/4.13/Engine/Plugins/Experimental/LiveEditor/LiveEditor.uplugin
LogPluginManager: Loaded Plugin OSVR, From C:/Unreal Engine/Epic Games/4.13/Engine/Plugins/Experimental/OSVR/OSVR.uplugin
LogPluginManager: Loaded Plugin Phya, From C:/Unreal Engine/Epic Games/4.13/Engine/Plugins/Experimental/Phya/Phya.uplugin
LogPluginManager: Loaded Plugin SignificanceManager, From C:/Unreal Engine/Epic Games/4.13/Engine/Plugins/Experimental/SignificanceManager/SignificanceManager.uplugin
LogPluginManager: Loaded Plugin SimpleHMD, From C:/Unreal Engine/Epic Games/4.13/Engine/Plugins/Experimental/SimpleHMD/SimpleHMD.uplugin
LogPluginManager: Loaded Plugin StereoPanorama, From C:/Unreal Engine/Epic Games/4.13/Engine/Plugins/Experimental/StereoPanorama/StereoPanorama.uplugin
LogPluginManager: Loaded Plugin StructBox, From C:/Unreal Engine/Epic Games/4.13/Engine/Plugins/Experimental/StructBox/StructBox.uplugin
LogPluginManager: Loaded Plugin AndroidMedia, From C:/Unreal Engine/Epic Games/4.13/Engine/Plugins/Media/AndroidMedia/AndroidMedia.uplugin
LogPluginManager: Loaded Plugin AvfMedia, From C:/Unreal Engine/Epic Games/4.13/Engine/Plugins/Media/AvfMedia/AvfMedia.uplugin
LogPluginManager: Loaded Plugin MediaPlayerEditor, From C:/Unreal Engine/Epic Games/4.13/Engine/Plugins/Media/MediaPlayerEditor/MediaPlayerEditor.uplugin
LogPluginManager: Loaded Plugin WmfMedia, From C:/Unreal Engine/Epic Games/4.13/Engine/Plugins/Media/WmfMedia/WmfMedia.uplugin
LogPluginManager: Loaded Plugin MessagingDebugger, From C:/Unreal Engine/Epic Games/4.13/Engine/Plugins/Messaging/MessagingDebugger/MessagingDebugger.uplugin
LogPluginManager: Loaded Plugin TcpMessaging, From C:/Unreal Engine/Epic Games/4.13/Engine/Plugins/Messaging/TcpMessaging/TcpMessaging.uplugin
LogPluginManager: Loaded Plugin UdpMessaging, From C:/Unreal Engine/Epic Games/4.13/Engine/Plugins/Messaging/UdpMessaging/UdpMessaging.uplugin
LogPluginManager: Loaded Plugin LevelSequenceEditor, From C:/Unreal Engine/Epic Games/4.13/Engine/Plugins/MovieScene/LevelSequenceEditor/LevelSequenceEditor.uplugin
LogPluginManager: Loaded Plugin MatineeToLevelSequence, From C:/Unreal Engine/Epic Games/4.13/Engine/Plugins/MovieScene/MatineeToLevelSequence/MatineeToLevelSequence.uplugin
LogPluginManager: Loaded Plugin NetcodeUnitTest, From C:/Unreal Engine/Epic Games/4.13/Engine/Plugins/NetcodeUnitTest/NetcodeUnitTest/NetcodeUnitTest.uplugin
LogPluginManager: Loaded Plugin NUTUnrealEngine4, From C:/Unreal Engine/Epic Games/4.13/Engine/Plugins/NetcodeUnitTest/NUTUnrealEngine4/NUTUnrealEngine4.uplugin
LogPluginManager: Loaded Plugin OnlineSubsystemGooglePlay, From C:/Unreal Engine/Epic Games/4.13/Engine/Plugins/Online/Android/OnlineSubsystemGooglePlay/OnlineSubsystemGooglePlay.uplugin
LogPluginManager: Loaded Plugin OnlineSubsystemIOS, From C:/Unreal Engine/Epic Games/4.13/Engine/Plugins/Online/IOS/OnlineSubsystemIOS/OnlineSubsystemIOS.uplugin
LogPluginManager: Loaded Plugin OnlineFramework, From C:/Unreal Engine/Epic Games/4.13/Engine/Plugins/Online/OnlineFramework/OnlineFramework.uplugin
LogPluginManager: Loaded Plugin OnlineSubsystem, From C:/Unreal Engine/Epic Games/4.13/Engine/Plugins/Online/OnlineSubsystem/OnlineSubsystem.uplugin
LogPluginManager: Loaded Plugin OnlineSubsystemAmazon, From C:/Unreal Engine/Epic Games/4.13/Engine/Plugins/Online/OnlineSubsystemAmazon/OnlineSubsystemAmazon.uplugin
LogPluginManager: Loaded Plugin OnlineSubsystemFacebook, From C:/Unreal Engine/Epic Games/4.13/Engine/Plugins/Online/OnlineSubsystemFacebook/OnlineSubsystemFacebook.uplugin
LogPluginManager: Loaded Plugin OnlineSubsystemNull, From C:/Unreal Engine/Epic Games/4.13/Engine/Plugins/Online/OnlineSubsystemNull/OnlineSubsystemNull.uplugin
LogPluginManager: Loaded Plugin OnlineSubsystemOculus, From C:/Unreal Engine/Epic Games/4.13/Engine/Plugins/Online/OnlineSubsystemOculus/OnlineSubsystemOculus.uplugin
LogPluginManager: Loaded Plugin OnlineSubsystemSteam, From C:/Unreal Engine/Epic Games/4.13/Engine/Plugins/Online/OnlineSubsystemSteam/OnlineSubsystemSteam.uplugin
LogPluginManager: Loaded Plugin OnlineSubsystemUtils, From C:/Unreal Engine/Epic Games/4.13/Engine/Plugins/Online/OnlineSubsystemUtils/OnlineSubsystemUtils.uplugin
LogPluginManager: Loaded Plugin IOSTapJoy, From C:/Unreal Engine/Epic Games/4.13/Engine/Plugins/Runtime/Advertising/IOSTapJoy/IOSTapJoy.uplugin
LogPluginManager: Loaded Plugin AnalyticsBlueprintLibrary, From C:/Unreal Engine/Epic Games/4.13/Engine/Plugins/Runtime/Analytics/AnalyticsBlueprintLibrary/AnalyticsBlueprintLibrary.uplugin
LogPluginManager: Loaded Plugin AnalyticsMulticast, From C:/Unreal Engine/Epic Games/4.13/Engine/Plugins/Runtime/Analytics/AnalyticsMulticast/AnalyticsMulticast.uplugin
LogPluginManager: Loaded Plugin Apsalar, From C:/Unreal Engine/Epic Games/4.13/Engine/Plugins/Runtime/Analytics/Apsalar/Apsalar.uplugin
LogPluginManager: Loaded Plugin FileLogging, From C:/Unreal Engine/Epic Games/4.13/Engine/Plugins/Runtime/Analytics/FileLogging/FileLogging.uplugin
LogPluginManager: Loaded Plugin Flurry, From C:/Unreal Engine/Epic Games/4.13/Engine/Plugins/Runtime/Analytics/Flurry/Flurry.uplugin
LogPluginManager: Loaded Plugin AndroidDeviceProfileSelector, From C:/Unreal Engine/Epic Games/4.13/Engine/Plugins/Runtime/AndroidDeviceProfileSelector/AndroidDeviceProfileSelector.uplugin
LogPluginManager: Loaded Plugin AndroidMoviePlayer, From C:/Unreal Engine/Epic Games/4.13/Engine/Plugins/Runtime/AndroidMoviePlayer/AndroidMoviePlayer.uplugin
LogPluginManager: Loaded Plugin AppleMoviePlayer, From C:/Unreal Engine/Epic Games/4.13/Engine/Plugins/Runtime/AppleMoviePlayer/AppleMoviePlayer.uplugin
LogPluginManager: Loaded Plugin ArchVisCharacter, From C:/Unreal Engine/Epic Games/4.13/Engine/Plugins/Runtime/ArchVisCharacter/ArchVisCharacter.uplugin
LogPluginManager: Loaded Plugin CableComponent, From C:/Unreal Engine/Epic Games/4.13/Engine/Plugins/Runtime/CableComponent/CableComponent.uplugin
LogPluginManager: Loaded Plugin CustomMeshComponent, From C:/Unreal Engine/Epic Games/4.13/Engine/Plugins/Runtime/CustomMeshComponent/CustomMeshComponent.uplugin
LogPluginManager: Loaded Plugin ExampleDeviceProfileSelector, From C:/Unreal Engine/Epic Games/4.13/Engine/Plugins/Runtime/ExampleDeviceProfileSelector/ExampleDeviceProfileSelector.uplugin
LogPluginManager: Loaded Plugin GearVR, From C:/Unreal Engine/Epic Games/4.13/Engine/Plugins/Runtime/GearVR/GearVR.uplugin
LogPluginManager: Loaded Plugin GoogleVRController, From C:/Unreal Engine/Epic Games/4.13/Engine/Plugins/Runtime/GoogleVR/GoogleVRController/GoogleVRController.uplugin
LogPluginManager: Loaded Plugin GoogleVRHMD, From C:/Unreal Engine/Epic Games/4.13/Engine/Plugins/Runtime/GoogleVR/GoogleVRHMD/GoogleVRHMD.uplugin
LogPluginManager: Loaded Plugin IOSDeviceProfileSelector, From C:/Unreal Engine/Epic Games/4.13/Engine/Plugins/Runtime/IOSDeviceProfileSelector/IOSDeviceProfileSelector.uplugin
LogPluginManager: Loaded Plugin LeapMotion, From C:/Unreal Engine/Epic Games/4.13/Engine/Plugins/Runtime/LeapMotion/LeapMotion.uplugin
LogPluginManager: Loaded Plugin LinuxDeviceProfileSelector, From C:/Unreal Engine/Epic Games/4.13/Engine/Plugins/Runtime/LinuxDeviceProfileSelector/LinuxDeviceProfileSelector.uplugin
LogPluginManager: Loaded Plugin LiveEditorListenServer, From C:/Unreal Engine/Epic Games/4.13/Engine/Plugins/Runtime/LiveEditorListenServer/LiveEditorListenServer.uplugin
LogPluginManager: Loaded Plugin OculusAudio, From C:/Unreal Engine/Epic Games/4.13/Engine/Plugins/Runtime/OculusAudio/OculusAudio.uplugin
LogPluginManager: Loaded Plugin OculusInput, From C:/Unreal Engine/Epic Games/4.13/Engine/Plugins/Runtime/OculusInput/OculusInput.uplugin
LogPluginManager: Loaded Plugin OculusLibrary, From C:/Unreal Engine/Epic Games/4.13/Engine/Plugins/Runtime/OculusLibrary/OculusLibrary.uplugin
LogPluginManager: Loaded Plugin OculusRift, From C:/Unreal Engine/Epic Games/4.13/Engine/Plugins/Runtime/OculusRift/OculusRift.uplugin
LogPluginManager: Loaded Plugin Oodle, From C:/Unreal Engine/Epic Games/4.13/Engine/Plugins/Runtime/PacketHandlers/CompressionComponents/Oodle/Oodle.uplugin
LogPluginManager: Loaded Plugin ProceduralMeshComponent, From C:/Unreal Engine/Epic Games/4.13/Engine/Plugins/Runtime/ProceduralMeshComponent/ProceduralMeshComponent.uplugin
LogPluginManager: Loaded Plugin SoundMod, From C:/Unreal Engine/Epic Games/4.13/Engine/Plugins/Runtime/SoundMod/SoundMod.uplugin
LogPluginManager: Loaded Plugin SoundVisualizations, From C:/Unreal Engine/Epic Games/4.13/Engine/Plugins/Runtime/SoundVisualizations/SoundVisualizations.uplugin
LogPluginManager: Loaded Plugin SteamController, From C:/Unreal Engine/Epic Games/4.13/Engine/Plugins/Runtime/Steam/SteamController/SteamController.uplugin
LogPluginManager: Loaded Plugin SteamVR, From C:/Unreal Engine/Epic Games/4.13/Engine/Plugins/Runtime/Steam/SteamVR/SteamVR.uplugin
LogPluginManager: Loaded Plugin WebBrowserWidget, From C:/Unreal Engine/Epic Games/4.13/Engine/Plugins/Runtime/WebBrowserWidget/WebBrowserWidget.uplugin
LogPluginManager: Loaded Plugin WindowsDeviceProfileSelector, From C:/Unreal Engine/Epic Games/4.13/Engine/Plugins/Runtime/WindowsDeviceProfileSelector/WindowsDeviceProfileSelector.uplugin
LogPluginManager: Loaded Plugin WindowsMoviePlayer, From C:/Unreal Engine/Epic Games/4.13/Engine/Plugins/Runtime/WindowsMoviePlayer/WindowsMoviePlayer.uplugin
LogPluginManager: Loaded Plugin ScriptPlugin, From C:/Unreal Engine/Epic Games/4.13/Engine/Plugins/ScriptPlugin/ScriptPlugin.uplugin
LogPluginManager: Loaded Plugin SlateRemote, From C:/Unreal Engine/Epic Games/4.13/Engine/Plugins/Slate/SlateRemote/SlateRemote.uplugin
LogInit: Using libcurl 7.47.1
LogInit:  - built for x86_64-pc-win32
LogInit:  - supports SSL with WinSSL
LogInit:  - other features:
LogInit:      CURL_VERSION_SSL
LogInit:      CURL_VERSION_IPV6
LogInit:      CURL_VERSION_ASYNCHDNS
LogInit:      CURL_VERSION_LARGEFILE
LogInit:      CURL_VERSION_IDN
LogInit:  CurlRequestOptions (configurable via config and command line):
LogInit:  - bVerifyPeer = false  - Libcurl will NOT verify peer certificate
LogInit:  - bUseHttpProxy = false  - Libcurl will NOT use HTTP proxy
LogInit:  - bDontReuseConnections = false  - Libcurl will reuse connections
LogInit:  - CertBundlePath = nullptr  - Libcurl will use whatever was configured at build time.
LogInit: Build: ++UE4+Release-4.13-CL-3172292
LogInit: Engine Version: 4.13.2-3172292+++UE4+Release-4.13
LogInit: Compatible Engine Version: 4.13.0-3106830+++UE4+Release-4.13
LogInit: Net CL: 3172292
LogDevObjectVersion: Number of dev versions registered: 13
LogDevObjectVersion:   Dev-Blueprints (B0D832E4-1F89-4F0D-ACCF-7EB736FD4AA2): 5
LogDevObjectVersion:   Dev-Build (E1C64328-A22C-4D53-A36C-8E866417BD8C): 0
LogDevObjectVersion:   Dev-Core (375EC13C-06E4-48FB-B500-84F0262A717E): 1
LogDevObjectVersion:   Dev-Editor (E4B068ED-F494-42E9-A231-DA0B2E46BB41): 6
LogDevObjectVersion:   Dev-Framework (CFFC743F-43B0-4480-9391-14DF171D2073): 12
LogDevObjectVersion:   Dev-Mobile (B02B49B5-BB20-44E9-A304-32B752E40360): 0
LogDevObjectVersion:   Dev-Networking (A4E4105C-59A1-49B5-A7C5-40C4547EDFEE): 0
LogDevObjectVersion:   Dev-Online (39C831C9-5AE6-47DC-9A44-9C173E1C8E7C): 0
LogDevObjectVersion:   Dev-Physics (78F01B33-EBEA-4F98-B9B4-84EACCB95AA2): 0
LogDevObjectVersion:   Dev-Platform (6631380F-2D4D-43E0-8009-CF276956A95A): 0
LogDevObjectVersion:   Dev-Rendering (12F88B9F-8875-4AFC-A67C-D90C383ABD29): 4
LogDevObjectVersion:   Dev-Sequencer (7B5AE74C-D270-4C10-A958-57980B212A5A): 0
LogDevObjectVersion:   Dev-VR (D7296918-1DD6-4BDD-9DE2-64A83CC13884): 0
LogInit: Compiled (64-bit): Oct 24 2016 14:29:06
LogInit: Compiled with Visual C++: 19.00.23026.00
LogInit: Build Configuration: Development
LogInit: Branch Name: ++UE4+Release-4.13
LogInit: Command line: -EpicPortal 
LogInit: Base directory: C:/Unreal Engine/Epic Games/4.13/Engine/Binaries/Win64/
LogInit: Installed Engine Build: 1
LogInit: Presizing for max 8388607 objects, including 0 objects not considered by GC, pre-allocating 0 bytes for permanent pool.
LogInit: Object subsystem initialized
[2016.12.02-18.31.27:686][  0]LogInit: Selected Device Profile: [Windows]
[2016.12.02-18.31.27:686][  0]LogInit: Applying CVar settings loaded from the selected device profile: [Windows]
[2016.12.02-18.31.27:691][  0]LogInit: Computer: GAME03
[2016.12.02-18.31.27:691][  0]LogInit: User: hey
[2016.12.02-18.31.27:691][  0]LogInit: CPU Page size=65536, Cores=4
[2016.12.02-18.31.27:691][  0]LogInit: High frequency timer resolution =3.410097 MHz
[2016.12.02-18.31.27:692][  0]LogMemory: Memory total: Physical=31.9GB (32GB approx)
[2016.12.02-18.31.27:692][  0]LogMemory: Platform Memory Stats for Windows
[2016.12.02-18.31.27:692][  0]LogMemory: Process Physical Memory: 257.38 MB used, 257.38 MB peak
[2016.12.02-18.31.27:692][  0]LogMemory: Process Virtual Memory: 262.51 MB used, 262.51 MB peak
[2016.12.02-18.31.27:692][  0]LogMemory: Physical Memory: 5738.58 MB used, 32692.40 MB total
[2016.12.02-18.31.27:692][  0]LogMemory: Virtual Memory: 594.52 MB used, 8388608.00 MB total
[2016.12.02-18.31.27:721][  0]LogTextLocalizationManager: No specific translations for ('en-US') exist, so ('en') translations will be used.
[2016.12.02-18.31.28:276][  0]LogD3D11RHI: D3D11 adapters:
[2016.12.02-18.31.28:287][  0]LogD3D11RHI:    0. 'NVIDIA GeForce GTX 970' (Feature Level 11_0)
[2016.12.02-18.31.28:287][  0]LogD3D11RHI:       4007/0/16090 MB DedicatedVideo/DedicatedSystem/SharedSystem, Outputs:3, VendorId:0x10de
[2016.12.02-18.31.28:287][  0]LogD3D11RHI: Chosen D3D11 Adapter: 0
[2016.12.02-18.31.28:291][  0]LogD3D11RHI: Creating new Direct3DDevice
[2016.12.02-18.31.28:291][  0]LogD3D11RHI:     GPU DeviceId: 0x13c2 (for the marketing name, search the web for "GPU Device Id")
[2016.12.02-18.31.28:291][  0]LogWindows: EnumDisplayDevices:
[2016.12.02-18.31.28:291][  0]LogWindows:    0. 'NVIDIA GeForce GTX 970' (P:1 D:1)
[2016.12.02-18.31.28:291][  0]LogWindows:    1. 'NVIDIA GeForce GTX 970' (P:0 D:1)
[2016.12.02-18.31.28:291][  0]LogWindows:    2. 'NVIDIA GeForce GTX 970' (P:0 D:1)
[2016.12.02-18.31.28:291][  0]LogWindows:    3. 'NVIDIA GeForce GTX 970' (P:0 D:0)
[2016.12.02-18.31.28:292][  0]LogWindows:    4. 'RDPDD Chained DD' (P:0 D:0)
[2016.12.02-18.31.28:292][  0]LogWindows:    5. 'RDP Encoder Mirror Driver' (P:0 D:0)
[2016.12.02-18.31.28:292][  0]LogWindows:    6. 'RDP Reflector Display Driver' (P:0 D:0)
[2016.12.02-18.31.28:292][  0]LogWindows: DebugString: GetVideoDriverDetailsInvalid PrimaryIsNotTheChoosenAdapter GetVideoDriverDetailsInvalid PrimaryIsNotTheChoosenAdapter GetVideoDriverDetailsInvalid PrimaryIsNotTheChoosenAdapter FoundDriverCount:4 
[2016.12.02-18.31.28:292][  0]LogD3D11RHI:     Adapter Name: NVIDIA GeForce GTX 970
[2016.12.02-18.31.28:292][  0]LogD3D11RHI:   Driver Version: 364.72 (internal:10.18.13.6472, unified:364.72)
[2016.12.02-18.31.28:292][  0]LogD3D11RHI:      Driver Date: 3-21-2016
[2016.12.02-18.31.28:292][  0]LogRHI: Texture pool is 1361 MB (70% of 1945 MB)
[2016.12.02-18.31.28:298][  0]LogD3D11RHI: Async texture creation enabled
[2016.12.02-18.31.28:312][  0]LogD3D11RHI: GPU Timing Frequency: 1000.000000 (Debug: 2 2)
[2016.12.02-18.31.28:312][  0]LogShaderCompilers: Guid format shader working directory is -30 characters bigger than the processId version (../../../../../../Users/hey/source/FrameworksTDGame/FPSTowerDefenseToolkit/Intermediate/Shaders/WorkingDirectory/5384/).
[2016.12.02-18.31.28:312][  0]LogShaderCompilers: Cleaned the shader compiler working directory 'C:/Users/hey/AppData/Local/Temp/UnrealShaderWorkingDir/6C4DF3534BB8D85F0C19848FE379B035/'.
[2016.12.02-18.31.28:312][  0]LogShaderCompilers:Display: Using Local Shader Compiler.
[2016.12.02-18.31.29:201][  0]LogTemp:Display: Loaded TP AllDesktopTargetPlatform
[2016.12.02-18.31.29:208][  0]LogTemp:Display: Loaded TP WindowsClientTargetPlatform
[2016.12.02-18.31.29:215][  0]LogTemp:Display: Loaded TP WindowsNoEditorTargetPlatform
[2016.12.02-18.31.29:222][  0]LogTemp:Display: Loaded TP WindowsServerTargetPlatform
[2016.12.02-18.31.29:230][  0]LogTemp:Display: Loaded TP WindowsTargetPlatform
[2016.12.02-18.31.29:236][  0]LogTemp:Display: Loaded TP AndroidTargetPlatform
[2016.12.02-18.31.29:242][  0]LogTemp:Display: Loaded TP Android_ASTCTargetPlatform
[2016.12.02-18.31.29:249][  0]LogTemp:Display: Loaded TP Android_ATCTargetPlatform
[2016.12.02-18.31.29:255][  0]LogTemp:Display: Loaded TP Android_DXTTargetPlatform
[2016.12.02-18.31.29:261][  0]LogTemp:Display: Loaded TP Android_ETC1TargetPlatform
[2016.12.02-18.31.29:268][  0]LogTemp:Display: Loaded TP Android_ETC2TargetPlatform
[2016.12.02-18.31.29:280][  0]LogTemp:Display: Loaded TP Android_MultiTargetPlatform
[2016.12.02-18.31.29:280][  0]LogTemp:Display: Loaded TP Android_PVRTCTargetPlatform
[2016.12.02-18.31.29:281][  0]LogTemp:Display: Loaded TP HTML5TargetPlatform
[2016.12.02-18.31.29:300][  0]LogTemp:Display: Loaded TP IOSTargetPlatform
[2016.12.02-18.31.29:305][  0]LogTemp:Display: Loaded TP TVOSTargetPlatform
[2016.12.02-18.31.29:312][  0]LogTemp:Display: Loaded TP LinuxClientTargetPlatform
[2016.12.02-18.31.29:317][  0]LogTemp:Display: Loaded TP LinuxNoEditorTargetPlatform
[2016.12.02-18.31.29:323][  0]LogTemp:Display: Loaded TP LinuxServerTargetPlatform
[2016.12.02-18.31.29:329][  0]LogTemp:Display: Loaded TP LinuxTargetPlatform
[2016.12.02-18.31.29:329][  0]LogTargetPlatformManager:Display: Building Assets For Windows
[2016.12.02-18.31.29:393][  0]LogDerivedDataCache:Display: Max Cache Size: 512 MB
[2016.12.02-18.31.29:453][  0]LogDerivedDataCache: Loaded boot cache 0.06s 62MB C:/Users/hey/AppData/Local/UnrealEngine/4.13/DerivedDataCache/Boot.ddc.
[2016.12.02-18.31.29:453][  0]LogDerivedDataCache:Display: Loaded Boot cache: C:/Users/hey/AppData/Local/UnrealEngine/4.13/DerivedDataCache/Boot.ddc
[2016.12.02-18.31.29:453][  0]LogDerivedDataCache: FDerivedDataBackendGraph:  Pak pak cache file ../../../../../../Users/hey/source/FrameworksTDGame/FPSTowerDefenseToolkit/DerivedDataCache/DDC.ddp not found, will not use a pak cache.
[2016.12.02-18.31.29:453][  0]LogDerivedDataCache: Unable to find inner node Pak for hierarchical cache Hierarchy.
[2016.12.02-18.31.29:453][  0]LogDerivedDataCache: FDerivedDataBackendGraph:  CompressedPak pak cache file ../../../../../../Users/hey/source/FrameworksTDGame/FPSTowerDefenseToolkit/DerivedDataCache/Compressed.ddp not found, will not use a pak cache.
[2016.12.02-18.31.29:454][  0]LogDerivedDataCache: Unable to find inner node CompressedPak for hierarchical cache Hierarchy.
[2016.12.02-18.31.29:469][  0]LogDerivedDataCache:Display: Pak cache opened for reading ../../../Engine/DerivedDataCache/Compressed.ddp.
[2016.12.02-18.31.29:480][  0]LogDerivedDataCache: Using Local data cache path C:/Users/hey/AppData/Local/UnrealEngine/Common/DerivedDataCache: Writable
[2016.12.02-18.31.29:653][  0]LogInit: Selected Device Profile: [Windows]
[2016.12.02-18.31.29:653][  0]LogMaterial: Uniform references updated for custom material expression Custom.
[2016.12.02-18.31.29:656][  0]LogContentStreaming: Texture pool size is 0.00 MB
[2016.12.02-18.31.29:779][  0]LogMeshUtilities: No automatic mesh reduction module available
[2016.12.02-18.31.29:779][  0]LogMeshUtilities: No automatic mesh merging module available
[2016.12.02-18.31.29:779][  0]LogMeshUtilities: No distributed automatic mesh merging module available
[2016.12.02-18.31.30:057][  0]LogNetVersion: GetLocalNetworkVersion: CL: 3106830, ProjectName: fpstowerdefensetoolkit, ProjectVersion: , EngineNetworkVersion: 1, GameNetworkVersion: 0, NetworkChecksum: 3514904289
[2016.12.02-18.31.30:091][  0]LogAssetRegistry: FAssetRegistry took 0.0198 seconds to start up
[2016.12.02-18.31.30:111][  0]LogPackageLocalizationCache: Processed 3 localized package path(s) for 2 prioritized culture(s) in 0.017771 seconds
[2016.12.02-18.31.30:115][  0]LogUObjectArray: 29778 objects as part of root set at end of initial load.
[2016.12.02-18.31.30:115][  0]LogUObjectAllocator: 6125456 out of 0 bytes used by permanent object pool.
[2016.12.02-18.31.30:115][  0]LogUObjectArray: CloseDisregardForGC: 0/0 objects in disregard for GC pool
[2016.12.02-18.31.30:121][  0]LogInit: WinSock: version 1.1 (2.2), MaxSocks=32767, MaxUdp=65467
[2016.12.02-18.31.30:299][  0]LogSlate: SlateFontCache - WITH_FREETYPE: 1, WITH_HARFBUZZ: 1
[2016.12.02-18.31.30:299][  0]LogSlate: SlateFontCache - WITH_FREETYPE: 1, WITH_HARFBUZZ: 1
[2016.12.02-18.31.30:852][  0]LogTcpMessaging: Initializing TcpMessaging bridge
[2016.12.02-18.31.30:887][  0]LogUdpMessaging: Initializing bridge on interface 0.0.0.0:0 to multicast group 230.0.0.1:6666.
[2016.12.02-18.31.31:091][  0]SourceControl: Info Source control is disabled
[2016.12.02-18.31.31:135][  0]SourceControl: Info Source control is disabled
[2016.12.02-18.31.31:143][  0]SourceControl: Info Source control is disabled
[2016.12.02-18.31.31:150][  0]SourceControl: Info Source control is disabled
[2016.12.02-18.31.31:376][  0]LogEngine: Initializing Engine...
[2016.12.02-18.31.31:376][  0]LogHMD: Failed to initialize OpenVR with code 110
[2016.12.02-18.31.31:503][  0]LogAIModule: Creating AISystem for world Untitled
[2016.12.02-18.31.31:511][  0]LogInit: XAudio2 using 'HP ZR2440w-0 (NVIDIA High Definition Audio)' : 2 channels at 48 kHz using 16 bits per sample (channel mask 0x3)
[2016.12.02-18.31.31:523][  0]LogInit: FAudioDevice initialized.
[2016.12.02-18.31.31:551][  0]LogDerivedDataCache: Saved boot cache 0.03s 62MB C:/Users/hey/AppData/Local/UnrealEngine/4.13/DerivedDataCache/Boot.ddc.
[2016.12.02-18.31.31:556][  0]LogInit: Texture streaming: Enabled
[2016.12.02-18.31.31:576][  0]LogInit: Transaction tracking system initialized
[2016.12.02-18.31.31:595][  0]BlueprintLog: New page: Editor Load
[2016.12.02-18.31.31:660][  0]LocalizationService: Info Localization service is disabled
[2016.12.02-18.31.31:746][  0]LogConsoleResponse:Display: 
[2016.12.02-18.31.31:828][  0]LogCook:Display: Max memory allowance for cook 16384mb min free memory 0mb
[2016.12.02-18.31.31:828][  0]LogCook:Display: Mobile HDR setting 1
[2016.12.02-18.31.31:958][  0]SourceControl: Info Source control is disabled
[2016.12.02-18.31.31:958][  0]Cmd: MAP LOAD FILE="../../../../../../Users/hey/source/FrameworksTDGame/FPSTowerDefenseToolkit/Content/FPSTowerDefenseToolkit/Maps/Map_SampleLevel.umap" TEMPLATE=0 SHOWPROGRESS=1 FEATURELEVEL=3
[2016.12.02-18.31.31:958][  0]LightingResults: New page: Lighting Build
[2016.12.02-18.31.31:961][  0]MapCheck: New page: Map Check
[2016.12.02-18.31.31:961][  0]LightingResults: New page: Lighting Build
[2016.12.02-18.31.33:451][  0]ImportText (/Game/FPSTowerDefenseToolkit/Blueprints/Towers/BP_TowerHolo_Parent.BP_TowerHolo_Parent_C:CreateNewActorTransform.ActorTransform): Missing opening parenthesis: 
[2016.12.02-18.31.33:803][  0]ImportText (/Game/FPSTowerDefenseToolkit/Blueprints/Towers/BP_TowerHolo_Parent.BP_TowerHolo_Parent_C:CreateNewActorTransform.ActorTransform): Missing opening parenthesis: 
[2016.12.02-18.31.35:949][  0]LogAIModule: Creating AISystem for world Map_SampleLevel
[2016.12.02-18.31.35:961][  0]LogEditorServer: Finished looking for orphan Actors (0.000 secs)
[2016.12.02-18.31.35:961][  0]Cmd: MAP CHECKDEP NOCLEARLOG
[2016.12.02-18.31.36:019][  0]MapCheck: Info Map check complete: 0 Error(s), 0 Warning(s), took 57.263ms to complete.
[2016.12.02-18.31.36:019][  0]LogFileHelpers: Loading map 'Map_SampleLevel' took 4.061
[2016.12.02-18.31.36:168][  0]LogCollectionManager: Loaded 0 collections in 0.001341 seconds
[2016.12.02-18.31.36:227][  0]LogFileCache: Scanning file cache for directory 'C:/Users/hey/source/FrameworksTDGame/FPSTowerDefenseToolkit/Saved/Collections/' took 0.01s
[2016.12.02-18.31.36:227][  0]LogFileCache: Scanning file cache for directory 'C:/Users/hey/source/FrameworksTDGame/FPSTowerDefenseToolkit/Content/Developers/hey/Collections/' took 0.01s
[2016.12.02-18.31.36:227][  0]LogFileCache: Scanning file cache for directory 'C:/Users/hey/source/FrameworksTDGame/FPSTowerDefenseToolkit/Content/Collections/' took 0.01s
[2016.12.02-18.31.36:227][  0]LogCollectionManager: Rebuilt the GUID cache for 0 collections in 0.000002 seconds
[2016.12.02-18.31.36:235][  0]LogContentBrowser: Native class hierarchy populated in 0.0079 seconds. Added 2141 classes and 415 folders.
[2016.12.02-18.31.36:238][  0]LogStats: UGameplayTagsManager::ConstructGameplayTagTree: Construct from data asset -  0.000 s
[2016.12.02-18.31.36:238][  0]LogStats: UGameplayTagsManager::ConstructGameplayTagTree: GameplayTagTreeChangedEvent.Broadcast -  0.000 s
[2016.12.02-18.31.36:239][  0]LogContentBrowser: Native class hierarchy updated for 'GameplayTags' in 0.0004 seconds. Added 12 classes and 0 folders.
[2016.12.02-18.31.36:242][  0]LogContentBrowser: Native class hierarchy updated for 'WidgetCarousel' in 0.0003 seconds. Added 0 classes and 0 folders.
[2016.12.02-18.31.36:278][  0]LogContentBrowser: Native class hierarchy updated for 'AddContentDialog' in 0.0004 seconds. Added 0 classes and 0 folders.
[2016.12.02-18.31.36:284][  0]LogContentBrowser: Native class hierarchy updated for 'SceneOutliner' in 0.0004 seconds. Added 1 classes and 2 folders.
[2016.12.02-18.31.36:294][  0]LogCrashTracker: Crashtracker disabled due to settings.
[2016.12.02-18.31.36:297][  0]LogUObjectGlobals:Warning: Failed to find object 'Class None.'
[2016.12.02-18.31.36:348][  0]LogContentBrowser: Native class hierarchy updated for 'HierarchicalLODOutliner' in 0.0004 seconds. Added 1 classes and 2 folders.
[2016.12.02-18.31.36:348][  0]LogLoad: (Engine Initialization) Total time: 9.48 seconds
[2016.12.02-18.31.36:348][  0]LogLoad: (Engine Initialization) Total Blueprint compile time: 1.78 seconds
[2016.12.02-18.31.36:348][  0]LogExternalProfiler: Found external profiler: VSPerf
[2016.12.02-18.31.36:348][  0]LogExternalProfiler: Using external profiler: VSPerf
[2016.12.02-18.31.36:358][  0]LogOcInput: OculusInput pre-init called
[2016.12.02-18.31.36:376][  0]LogContentStreaming: Texture pool size now 1000 MB
[2016.12.02-18.31.36:505][  0]LogRenderer: Reallocating scene render targets to support 2040x696 (Frame:2).
[2016.12.02-18.31.36:708][  6]LogAssetRegistry: Asset discovery search completed in 6.6363 seconds
[2016.12.02-18.31.36:708][  6]LogCollectionManager: Rebuilt the object cache for 0 collections in 0.000001 seconds (found 0 objects)
[2016.12.02-18.31.36:708][  6]LogCollectionManager: Fixed up redirectors for 0 collections in 0.000027 seconds (updated 0 objects)
[2016.12.02-18.31.49:632][550]LogEditorViewport: Clicking on Actor (LMB): BP_PlanarGridGenerator_C (BP_PlanarGridGenerator)
[2016.12.02-18.31.52:090][822]LogEditorViewport: Clicking on Actor (LMB): BP_PlanarGridGenerator_C (BP_PlanarGridGenerator2)
[2016.12.02-18.31.54:668][121]LogEditorViewport: Clicking on Actor (LMB): StaticMeshActor (Floor2)
[2016.12.02-18.31.57:770][463]LogPlayLevel: PlayLevel: No blueprints needed recompiling
[2016.12.02-18.31.57:827][463]PIE: New page: PIE session: Map_SampleLevel (Dec 2, 2016, 6:31:57 AM)
[2016.12.02-18.31.57:827][463]LogPlayLevel: Creating play world package: /Game/FPSTowerDefenseToolkit/Maps/UEDPIE_0_Map_SampleLevel
[2016.12.02-18.31.57:832][463]LogPlayLevel: PIE: StaticDuplicateObject took: (0.004504s)
[2016.12.02-18.31.57:832][463]LogAIModule: Creating AISystem for world Map_SampleLevel
[2016.12.02-18.31.57:832][463]LogPlayLevel: PIE: World Init took: (0.000703s)
[2016.12.02-18.31.57:833][463]LogPlayLevel: PIE: Created PIE world by copying editor world from /Game/FPSTowerDefenseToolkit/Maps/Map_SampleLevel.Map_SampleLevel to /Game/FPSTowerDefenseToolkit/Maps/UEDPIE_0_Map_SampleLevel.Map_SampleLevel (0.005624s)
[2016.12.02-18.31.57:925][463]LogInit: XAudio2 using 'HP ZR2440w-0 (NVIDIA High Definition Audio)' : 2 channels at 48 kHz using 16 bits per sample (channel mask 0x3)
[2016.12.02-18.31.57:929][463]LogInit: FAudioDevice initialized.
[2016.12.02-18.31.58:033][463]LogWorld: Game class is 'BP_GameMode_C'
[2016.12.02-18.31.58:048][463]LogWorld: Bringing World /Game/FPSTowerDefenseToolkit/Maps/UEDPIE_0_Map_SampleLevel.Map_SampleLevel up for play (max tick rate 0) at 2016.12.02-12.31.58
[2016.12.02-18.31.58:049][463]LogWorld: Bringing up level for play took: 0.003805
[2016.12.02-18.31.58:073][463]LogContentBrowser: Native class hierarchy updated for 'MovieSceneCapture' in 0.0005 seconds. Added 11 classes and 0 folders.
[2016.12.02-18.31.58:073][463]LogGameMode:Display: Match State Changed from EnteringMap to WaitingToStart
[2016.12.02-18.31.58:073][463]LogGameState: Match State Changed from EnteringMap to WaitingToStart
[2016.12.02-18.31.58:073][463]LogGameMode:Display: Match State Changed from WaitingToStart to InProgress
[2016.12.02-18.31.58:086][463]LogGameState: Match State Changed from WaitingToStart to InProgress
[2016.12.02-18.31.58:086][463]PIE: Info Play in editor start time for /Game/FPSTowerDefenseToolkit/Maps/UEDPIE_0_Map_SampleLevel 1.285
[2016.12.02-18.35.57:234][112]LogEditorViewport: Clicking on Actor (LMB): BP_WaveManager_C (BP_WaveManager)
[2016.12.02-18.36.03:270][739]LogWindows: LaunchURL http://docs.unrealengine.com/latest/INT/index.html?utm_source=editor&utm_medium=docs&utm_campaign=help_menu
[2016.12.02-18.47.30:894][586]LogEditorViewport: Clicking on Actor (LMB): BP_PowerCore_C (BP_PowerCore)
[2016.12.02-18.47.31:740][682]LogEditorViewport: Clicking on Actor (LMB): StaticMeshActor (Wall5)
[2016.12.02-18.47.32:835][805]LogEditorViewport: Clicking on Actor (LMB): BP_PowerCore_C (BP_PowerCore)
[2016.12.02-18.47.45:963][117]LogPlayLevel: PlayLevel: No blueprints needed recompiling
[2016.12.02-18.47.45:963][117]PIE: New page: PIE session: Map_SampleLevel (Dec 2, 2016, 6:47:45 AM)
[2016.12.02-18.47.45:963][117]LogPlayLevel: Creating play world package: /Game/FPSTowerDefenseToolkit/Maps/UEDPIE_0_Map_SampleLevel
[2016.12.02-18.47.45:968][117]LogPlayLevel: PIE: StaticDuplicateObject took: (0.004129s)
[2016.12.02-18.47.45:968][117]LogAIModule: Creating AISystem for world Map_SampleLevel
[2016.12.02-18.47.45:968][117]LogPlayLevel: PIE: World Init took: (0.000698s)
[2016.12.02-18.47.45:969][117]LogPlayLevel: PIE: Created PIE world by copying editor world from /Game/FPSTowerDefenseToolkit/Maps/Map_SampleLevel.Map_SampleLevel to /Game/FPSTowerDefenseToolkit/Maps/UEDPIE_0_Map_SampleLevel.Map_SampleLevel (0.005064s)
[2016.12.02-18.47.45:987][117]LogInit: XAudio2 using 'HP ZR2440w-0 (NVIDIA High Definition Audio)' : 2 channels at 48 kHz using 16 bits per sample (channel mask 0x3)
[2016.12.02-18.47.45:991][117]LogInit: FAudioDevice initialized.
[2016.12.02-18.47.46:020][117]LogWorld: Game class is 'BP_GameMode_C'
[2016.12.02-18.47.46:024][117]LogWorld: Bringing World /Game/FPSTowerDefenseToolkit/Maps/UEDPIE_0_Map_SampleLevel.Map_SampleLevel up for play (max tick rate 0) at 2016.12.02-12.47.46
[2016.12.02-18.47.46:024][117]LogWorld: Bringing up level for play took: 0.003652
[2016.12.02-18.47.46:025][117]LogGameMode:Display: Match State Changed from EnteringMap to WaitingToStart
[2016.12.02-18.47.46:025][117]LogGameState: Match State Changed from EnteringMap to WaitingToStart
[2016.12.02-18.47.46:025][117]LogGameMode:Display: Match State Changed from WaitingToStart to InProgress
[2016.12.02-18.47.46:028][117]LogGameState: Match State Changed from WaitingToStart to InProgress
[2016.12.02-18.47.46:028][117]PIE: Info Play in editor start time for /Game/FPSTowerDefenseToolkit/Maps/UEDPIE_0_Map_SampleLevel -0.82
[2016.12.02-18.48.06:892][619]Set new viewmode: Wireframe
[2016.12.02-18.48.07:308][668]Set new viewmode: Wireframe
[2016.12.02-18.48.07:692][714]Set new viewmode: Unlit
[2016.12.02-18.48.08:258][782]Set new viewmode: Unlit
[2016.12.02-18.48.08:650][829]Set new viewmode: Lit
[2016.12.02-18.48.12:333][271]Set new viewmode: Lit_DetailLighting
[2016.12.02-18.48.12:792][326]Set new viewmode: Lit_DetailLighting
[2016.12.02-18.48.13:292][386]Set new viewmode: Wireframe
[2016.12.02-18.48.15:392][638]Set new viewmode: Wireframe
[2016.12.02-18.48.15:908][700]Set new viewmode: Unlit
[2016.12.02-18.48.58:554][804]Set new viewmode: Wireframe
[2016.12.02-18.48.59:045][860]Set new viewmode: Wireframe
[2016.12.02-18.48.59:420][905]Set new viewmode: Wireframe
[2016.12.02-18.48.59:603][927]Set new viewmode: Unlit
[2016.12.02-18.51.12:343][729]LogEditorViewport: Clicking on Actor (LMB): StaticMeshActor (Floor)
[2016.12.02-18.51.12:839][780]LogEditorViewport: Clicking on Actor (LMB): BP_PlanarGridGenerator_C (BP_PlanarGridGenerator5)
[2016.12.02-18.51.13:572][864]LogEditorViewport: Clicking on Actor (LMB): BP_PowerCore_C (BP_PowerCore)
[2016.12.02-18.51.15:709][113]LogEditorViewport: Clicking on Actor (LMB): StaticMeshActor (Wall1)
[2016.12.02-18.51.16:271][174]LogEditorViewport: Clicking on Actor (LMB): StaticMeshActor (Wall1)
[2016.12.02-18.51.16:731][227]LogEditorViewport: Clicking on Actor (LMB): StaticMeshActor (Wall2)
[2016.12.02-18.51.17:703][338]LogEditorViewport: Clicking on Actor (LMB): BP_PlanarGridGenerator_C (BP_PlanarGridGenerator)
[2016.12.02-18.51.18:430][420]LogEditorViewport: Clicking on Actor (LMB): BP_PlanarGridGenerator_C (BP_PlanarGridGenerator5)
[2016.12.02-18.53.54:770][585]LogPlayLevel: PlayLevel: No blueprints needed recompiling
[2016.12.02-18.53.54:770][585]PIE: New page: PIE session: Map_SampleLevel (Dec 2, 2016, 6:53:54 AM)
[2016.12.02-18.53.54:771][585]LogPlayLevel: Creating play world package: /Game/FPSTowerDefenseToolkit/Maps/UEDPIE_0_Map_SampleLevel
[2016.12.02-18.53.54:776][585]LogPlayLevel: PIE: StaticDuplicateObject took: (0.004885s)
[2016.12.02-18.53.54:777][585]LogAIModule: Creating AISystem for world Map_SampleLevel
[2016.12.02-18.53.54:777][585]LogPlayLevel: PIE: World Init took: (0.000852s)
[2016.12.02-18.53.54:777][585]LogPlayLevel: PIE: Created PIE world by copying editor world from /Game/FPSTowerDefenseToolkit/Maps/Map_SampleLevel.Map_SampleLevel to /Game/FPSTowerDefenseToolkit/Maps/UEDPIE_0_Map_SampleLevel.Map_SampleLevel (0.006038s)
[2016.12.02-18.53.54:796][585]LogInit: XAudio2 using 'HP ZR2440w-0 (NVIDIA High Definition Audio)' : 2 channels at 48 kHz using 16 bits per sample (channel mask 0x3)
[2016.12.02-18.53.54:800][585]LogInit: FAudioDevice initialized.
[2016.12.02-18.53.54:825][585]LogWorld: Game class is 'BP_GameMode_C'
[2016.12.02-18.53.54:830][585]LogWorld: Bringing World /Game/FPSTowerDefenseToolkit/Maps/UEDPIE_0_Map_SampleLevel.Map_SampleLevel up for play (max tick rate 0) at 2016.12.02-12.53.54
[2016.12.02-18.53.54:830][585]LogWorld: Bringing up level for play took: 0.003795
[2016.12.02-18.53.54:831][585]LogGameMode:Display: Match State Changed from EnteringMap to WaitingToStart
[2016.12.02-18.53.54:831][585]LogGameState: Match State Changed from EnteringMap to WaitingToStart
[2016.12.02-18.53.54:831][585]LogGameMode:Display: Match State Changed from WaitingToStart to InProgress
[2016.12.02-18.53.54:834][585]LogGameState: Match State Changed from WaitingToStart to InProgress
[2016.12.02-18.53.54:834][585]PIE: Info Play in editor start time for /Game/FPSTowerDefenseToolkit/Maps/UEDPIE_0_Map_SampleLevel -0.033
[2016.12.02-18.54.36:526][573]LogPlayLevel: PlayLevel: No blueprints needed recompiling
[2016.12.02-18.54.36:526][573]PIE: New page: PIE session: Map_SampleLevel (Dec 2, 2016, 6:54:36 AM)
[2016.12.02-18.54.36:527][573]LogPlayLevel: Creating play world package: /Game/FPSTowerDefenseToolkit/Maps/UEDPIE_0_Map_SampleLevel
[2016.12.02-18.54.36:531][573]LogPlayLevel: PIE: StaticDuplicateObject took: (0.004040s)
[2016.12.02-18.54.36:531][573]LogAIModule: Creating AISystem for world Map_SampleLevel
[2016.12.02-18.54.36:531][573]LogPlayLevel: PIE: World Init took: (0.000652s)
[2016.12.02-18.54.36:532][573]LogPlayLevel: PIE: Created PIE world by copying editor world from /Game/FPSTowerDefenseToolkit/Maps/Map_SampleLevel.Map_SampleLevel to /Game/FPSTowerDefenseToolkit/Maps/UEDPIE_0_Map_SampleLevel.Map_SampleLevel (0.004918s)
[2016.12.02-18.54.36:545][573]LogInit: XAudio2 using 'HP ZR2440w-0 (NVIDIA High Definition Audio)' : 2 channels at 48 kHz using 16 bits per sample (channel mask 0x3)
[2016.12.02-18.54.36:549][573]LogInit: FAudioDevice initialized.
[2016.12.02-18.54.36:575][573]LogWorld: Game class is 'BP_GameMode_C'
[2016.12.02-18.54.36:579][573]LogWorld: Bringing World /Game/FPSTowerDefenseToolkit/Maps/UEDPIE_0_Map_SampleLevel.Map_SampleLevel up for play (max tick rate 0) at 2016.12.02-12.54.36
[2016.12.02-18.54.36:580][573]LogWorld: Bringing up level for play took: 0.003715
[2016.12.02-18.54.36:580][573]LogGameMode:Display: Match State Changed from EnteringMap to WaitingToStart
[2016.12.02-18.54.36:580][573]LogGameState: Match State Changed from EnteringMap to WaitingToStart
[2016.12.02-18.54.36:580][573]LogGameMode:Display: Match State Changed from WaitingToStart to InProgress
[2016.12.02-18.54.36:583][573]LogGameState: Match State Changed from WaitingToStart to InProgress
[2016.12.02-18.54.36:583][573]PIE: Info Play in editor start time for /Game/FPSTowerDefenseToolkit/Maps/UEDPIE_0_Map_SampleLevel -0.286
[2016.12.02-18.54.37:497][679]MapCheck: New page: Map Check
[2016.12.02-18.54.37:570][679]Cmd: MAP REBUILD ALLVISIBLE
[2016.12.02-18.54.37:580][679]LogEditorServer: Rebuildmap Clear paths rebuilt
[2016.12.02-18.54.37:778][679]LogMaterial: Missing cached shader map for material FDebugViewModeMaterialProxy WorldGridMaterial, compiling. Is special engine material.
[2016.12.02-18.54.37:908][679]LogMaterial: Missing cached shader map for material FDebugViewModeMaterialProxy M_CubeMaterial, compiling. 
[2016.12.02-18.54.37:913][679]LogMaterial: Missing cached shader map for material FDebugViewModeMaterialProxy MaterialInstanceDynamic_193, compiling. 
[2016.12.02-18.54.37:919][679]LogMaterial: Missing cached shader map for material FDebugViewModeMaterialProxy MI_EmissiveGrid, compiling. 
[2016.12.02-18.54.37:925][679]LogMaterial: Missing cached shader map for material FDebugViewModeMaterialProxy Widget3DPassThrough_Translucent, compiling. 
[2016.12.02-18.54.37:930][679]LogMaterial: Missing cached shader map for material FDebugViewModeMaterialProxy MaterialInstanceDynamic_196, compiling. 
[2016.12.02-18.54.37:937][679]LogMaterial: Missing cached shader map for material FDebugViewModeMaterialProxy DefaultTextMaterialOpaque, compiling. 
[2016.12.02-18.54.39:130][679]LogLevel:Display: Export Material TexCoord Scales took 0.050 seconds.
[2016.12.02-18.54.39:156][679]TextureStreamingBuild:Display: Build Texture Streaming took 0.026 seconds.
[2016.12.02-18.54.39:198][679]LightingResults: New page: Lighting Build - Dec 2, 2016, 6:54:39 AM
[2016.12.02-18.54.39:298][679]LogSwarmInterface: [OpenConnection] Registering TCP channel ...
[2016.12.02-18.54.39:369][679]LogSwarmInterface: [OpenConnection] Connecting to agent ...
[2016.12.02-18.54.39:445][679]LogSwarmInterface: [TryOpenConnection] Testing the Agent
[2016.12.02-18.54.41:670][679]LogSwarmInterface:Error: [TryOpenConnection] Waiting for the agent to start up ...
[2016.12.02-18.54.41:702][679]LogSwarmInterface:Error: System.Net.Sockets.SocketException (0x80004005): No connection could be made because the target machine actively refused it 127.0.0.1:8008

Server stack trace: 
   at System.Net.Sockets.Socket.DoConnect(EndPoint endPointSnapshot, SocketAddress socketAddress)
   at System.Net.Sockets.Socket.Connect(EndPoint remoteEP)
   at System.Runtime.Remoting.Channels.RemoteConnection.CreateNewSocket(EndPoint ipEndPoint)
   at System.Runtime.Remoting.Channels.SocketCache.GetSocket(String machinePortAndSid, Boolean openNew)
   at System.Runtime.Remoting.Channels.Tcp.TcpClientTransportSink.SendRequestWithRetry(IMessage msg, ITransportHeaders requestHeaders, Stream requestStream)
   at System.Runtime.Remoting.Channels.Tcp.TcpClientTransportSink.AsyncProcessRequest(IClientChannelSinkStack sinkStack, IMessage msg, ITransportHeaders headers, Stream stream)
   at System.Runtime.Remoting.Channels.BinaryClientFormatterSink.AsyncProcessMessage(IMessage msg, IMessageSink replySink)

Exception rethrown at [0]: 
   at System.Runtime.Remoting.Proxies.RealProxy.HandleReturnMessage(IMessage reqMsg, IMessage retMsg)
   at System.Runtime.Remoting.Proxies.RealProxy.PrivateInvoke(MessageData& msgData, Int32 type)
   at NSwarm.IAgentInterfaceWrapper.MethodDelegate.EndInvoke(Hashtable& OutParameters, IAsyncResult result)
   at NSwarm.FSwarmInterface.TryOpenConnection(FConnectionCallback CallbackFunc, IntPtr CallbackData, ELogFlags LoggingFlags)
[2016.12.02-18.54.46:724][679]LogSwarmInterface: [TryOpenConnection] Opening Connection to Agent
[2016.12.02-18.54.46:724][679]LogSwarmInterface: [TryOpenConnection] Local Process ID is 5384
[2016.12.02-18.54.51:453][679]LogStaticLightingSystem: Running Lightmass w/ ImmediateImport mode ENABLED
[2016.12.02-18.54.51:453][679]LogStaticLightingSystem: Running Lightmass w/ ImmediateProcess mode ENABLED
[2016.12.02-18.54.51:453][679]LogStaticLightingSystem: Running Lightmass w/ Sorting mode ENABLED
[2016.12.02-18.54.51:453][679]LogStaticLightingSystem: Running Lightmass w/ Mapping paddings ENABLED
[2016.12.02-18.54.51:453][679]LogStaticLightingSystem: Running Lightmass w/ Mapping debug paddings DISABLED
[2016.12.02-18.54.51:674][679]Cmd: MAP CHECK DONTDISPLAYDIALOG
[2016.12.02-18.54.51:674][679]MapCheck: New page: Map_SampleLevel - Dec 2, 2016, 6:54:51 AM
[2016.12.02-18.54.51:722][679]MapCheck:Warning: Performance Warning Wall1 Large actor receives a pre-shadow and will cause an extreme performance hit unless bCastDynamicShadow is set to false. 
[2016.12.02-18.54.51:722][679]MapCheck:Warning: Performance Warning Wall2 Large actor receives a pre-shadow and will cause an extreme performance hit unless bCastDynamicShadow is set to false. 
[2016.12.02-18.54.51:722][679]MapCheck:Warning: Performance Warning Wall3 Large actor receives a pre-shadow and will cause an extreme performance hit unless bCastDynamicShadow is set to false. 
[2016.12.02-18.54.51:722][679]MapCheck:Warning: Performance Warning Wall4 Large actor receives a pre-shadow and will cause an extreme performance hit unless bCastDynamicShadow is set to false. 
[2016.12.02-18.54.51:722][679]MapCheck:Warning: Performance Warning Wall5 Large actor receives a pre-shadow and will cause an extreme performance hit unless bCastDynamicShadow is set to false. 
[2016.12.02-18.54.51:722][679]MapCheck:Warning: Performance Warning Wall6 Large actor receives a pre-shadow and will cause an extreme performance hit unless bCastDynamicShadow is set to false. 
[2016.12.02-18.54.51:722][679]MapCheck:Warning: Performance Warning Wall7 Large actor receives a pre-shadow and will cause an extreme performance hit unless bCastDynamicShadow is set to false. 
[2016.12.02-18.54.51:722][679]MapCheck:Warning: Performance Warning Wall8 Large actor receives a pre-shadow and will cause an extreme performance hit unless bCastDynamicShadow is set to false. 
[2016.12.02-18.54.51:739][679]MapCheck:Error: Error WorldSettings_1 Maps need lighting rebuilt 
[2016.12.02-18.54.51:798][679]MapCheck: Info Map check complete: 1 Error(s), 8 Warning(s), took 124.652ms to complete.
[2016.12.02-18.54.51:819][679]LogEditorBuildUtils: Build time 0:14
[2016.12.02-18.54.51:858][679]LogMaterial: Missing cached shader map for material FLightmassMaterialRenderer MaterialInstanceDynamic_193, compiling. 
[2016.12.02-18.54.51:870][679]LogMaterial: Missing cached shader map for material FLightmassMaterialRenderer MaterialInstanceDynamic_193, compiling. 
[2016.12.02-18.54.51:982][680]LogMaterial: Missing cached shader map for material FLightmassMaterialRenderer MaterialInstanceDynamic_196, compiling. 
[2016.12.02-18.54.51:988][680]LogMaterial: Missing cached shader map for material FLightmassMaterialRenderer MaterialInstanceDynamic_196, compiling. 
[2016.12.02-18.54.52:007][681]LogMaterial: Missing cached shader map for material FLightmassMaterialRenderer WorldGridMaterial, compiling. Is special engine material.
[2016.12.02-18.54.52:013][681]LogMaterial: Missing cached shader map for material FLightmassMaterialRenderer WorldGridMaterial, compiling. Is special engine material.
[2016.12.02-18.54.56:826][864]Job is a success!
[2016.12.02-18.55.16:376][ 85]LogPlayLevel: PlayLevel: No blueprints needed recompiling
[2016.12.02-18.55.16:376][ 85]PIE: New page: PIE session: Map_SampleLevel (Dec 2, 2016, 6:55:16 AM)
[2016.12.02-18.55.16:377][ 85]LogPlayLevel: Creating play world package: /Game/FPSTowerDefenseToolkit/Maps/UEDPIE_0_Map_SampleLevel
[2016.12.02-18.55.16:382][ 85]LogPlayLevel: PIE: StaticDuplicateObject took: (0.005312s)
[2016.12.02-18.55.16:383][ 85]LogAIModule: Creating AISystem for world Map_SampleLevel
[2016.12.02-18.55.16:383][ 85]LogPlayLevel: PIE: World Init took: (0.000649s)
[2016.12.02-18.55.16:383][ 85]LogPlayLevel: PIE: Created PIE world by copying editor world from /Game/FPSTowerDefenseToolkit/Maps/Map_SampleLevel.Map_SampleLevel to /Game/FPSTowerDefenseToolkit/Maps/UEDPIE_0_Map_SampleLevel.Map_SampleLevel (0.006190s)
[2016.12.02-18.55.16:397][ 85]LogInit: XAudio2 using 'HP ZR2440w-0 (NVIDIA High Definition Audio)' : 2 channels at 48 kHz using 16 bits per sample (channel mask 0x3)
[2016.12.02-18.55.16:401][ 85]LogInit: FAudioDevice initialized.
[2016.12.02-18.55.16:429][ 85]LogWorld: Game class is 'BP_GameMode_C'
[2016.12.02-18.55.16:433][ 85]LogWorld: Bringing World /Game/FPSTowerDefenseToolkit/Maps/UEDPIE_0_Map_SampleLevel.Map_SampleLevel up for play (max tick rate 0) at 2016.12.02-12.55.16
[2016.12.02-18.55.16:434][ 85]LogWorld: Bringing up level for play took: 0.003779
[2016.12.02-18.55.16:435][ 85]LogGameMode:Display: Match State Changed from EnteringMap to WaitingToStart
[2016.12.02-18.55.16:435][ 85]LogGameState: Match State Changed from EnteringMap to WaitingToStart
[2016.12.02-18.55.16:435][ 85]LogGameMode:Display: Match State Changed from WaitingToStart to InProgress
[2016.12.02-18.55.16:437][ 85]LogGameState: Match State Changed from WaitingToStart to InProgress
[2016.12.02-18.55.16:437][ 85]PIE: Info Play in editor start time for /Game/FPSTowerDefenseToolkit/Maps/UEDPIE_0_Map_SampleLevel -0.433
[2016.12.02-18.57.14:089][182]LogEditorViewport: Clicking on Actor (LMB): TextRenderActor (TextRenderActor2)
[2016.12.02-18.57.14:728][230]Cmd: SELECT NONE
[2016.12.02-19.05.47:356][725]LogEditorViewport: Clicking on Actor (LMB): BP_PowerCore_C (BP_PowerCore)
[2016.12.02-19.10.06:924][863]LogEditorViewport: Clicking on Actor (LMB): StaticMeshActor (Floor)
[2016.12.02-19.10.08:204][  6]LogPlayLevel: PlayLevel: No blueprints needed recompiling
[2016.12.02-19.10.08:204][  6]PIE: New page: PIE session: Map_SampleLevel (Dec 2, 2016, 7:10:08 AM)
[2016.12.02-19.10.08:205][  6]LogPlayLevel: Creating play world package: /Game/FPSTowerDefenseToolkit/Maps/UEDPIE_0_Map_SampleLevel
[2016.12.02-19.10.08:210][  6]LogPlayLevel: PIE: StaticDuplicateObject took: (0.004664s)
[2016.12.02-19.10.08:210][  6]LogAIModule: Creating AISystem for world Map_SampleLevel
[2016.12.02-19.10.08:211][  6]LogPlayLevel: PIE: World Init took: (0.000898s)
[2016.12.02-19.10.08:211][  6]LogPlayLevel: PIE: Created PIE world by copying editor world from /Game/FPSTowerDefenseToolkit/Maps/Map_SampleLevel.Map_SampleLevel to /Game/FPSTowerDefenseToolkit/Maps/UEDPIE_0_Map_SampleLevel.Map_SampleLevel (0.005846s)
[2016.12.02-19.10.08:227][  6]LogInit: XAudio2 using 'HP ZR2440w-0 (NVIDIA High Definition Audio)' : 2 channels at 48 kHz using 16 bits per sample (channel mask 0x3)
[2016.12.02-19.10.08:232][  6]LogInit: FAudioDevice initialized.
[2016.12.02-19.10.08:260][  6]LogWorld: Game class is 'BP_GameMode_C'
[2016.12.02-19.10.08:264][  6]LogWorld: Bringing World /Game/FPSTowerDefenseToolkit/Maps/UEDPIE_0_Map_SampleLevel.Map_SampleLevel up for play (max tick rate 0) at 2016.12.02-13.10.08
[2016.12.02-19.10.08:265][  6]LogWorld: Bringing up level for play took: 0.003976
[2016.12.02-19.10.08:266][  6]LogGameMode:Display: Match State Changed from EnteringMap to WaitingToStart
[2016.12.02-19.10.08:266][  6]LogGameState: Match State Changed from EnteringMap to WaitingToStart
[2016.12.02-19.10.08:266][  6]LogGameMode:Display: Match State Changed from WaitingToStart to InProgress
[2016.12.02-19.10.08:269][  6]LogGameState: Match State Changed 